h1 10.0.0.1 h9 10.0.0.9 
h4 0 2 10.0.0.12 60000000 0 0
h1 0 0 J0T1xd3V E64r4XX
h1 100000 0 J0T1xd3V aY5hEq
h9 200000 0 J0T1xd3V mNvrz5dT
h1 300000 1 J0T1xd3V
h9 400000 0 J0T1xd3V yhwMg
h1 500000 0 J0T1xd3V e0P0TXA
h9 600000 1 J0T1xd3V
h9 700000 0 JS18pXg7 qwBHn
h1 800000 0 JS18pXg7 MiNeXpY
h1 900000 0 eEDI1mVo R7uHhY1
h9 1000000 1 eEDI1mVo
h1 1100000 0 6c4oe 5oQE8
h1 1200000 0 JS18pXg7 yzIu2
h9 1300000 0 7TSYM1g iXDpkfjz
h9 1400000 1 6c4oe
h1 1500000 1 JS18pXg7
h1 1600000 1 6c4oe
h1 1700000 0 e9GAKFT SwkABw
h1 1800000 0 7TSYM1g sQ9WI
h1 1900000 1 e9GAKFT
h9 2000000 0 AwTgp V6eWbYiu
h9 2100000 1 JS18pXg7
h1 2200000 0 7TSYM1g HVYq5HO
h1 2300000 1 JS18pXg7
h9 2400000 0 roLH2ga Uo4ZklE5
h1 2500000 0 e9GAKFT i1Z1L68
h1 2600000 1 eEDI1mVo
h1 2700000 0 e9GAKFT BAeqGXH3
h9 2800000 0 7TSYM1g csCs1F
h9 2900000 1 roLH2ga
h1 3000000 1 e9GAKFT
h9 3100000 0 5cEzuuo Y7e3iU
h1 3200000 0 SBLpI3sO nhKeN
h1 3300000 1 J0T1xd3V
h1 3400000 0 roLH2ga czEwo
h9 3500000 0 e9GAKFT PR6P3Fd4
h1 3600000 1 J0T1xd3V
h1 3700000 1 JS18pXg7
h9 3800000 0 eSnbQMao VhTIa
h9 3900000 1 6c4oe
h1 4000000 0 GgJ3Gz yZv4jCrq
h9 4100000 1 JS18pXg7
h9 4200000 0 7TSYM1g SeWet
h1 4300000 1 eSnbQMao
h1 4400000 1 eEDI1mVo
h9 4500000 1 5cEzuuo
h1 4600000 1 eSnbQMao
h9 4700000 1 eSnbQMao
h1 4800000 1 GgJ3Gz
h9 4900000 1 J0T1xd3V
h1 5000000 1 J0T1xd3V
h9 5100000 1 5cEzuuo
h9 5200000 0 roLH2ga sD9A44
h9 5300000 0 KEWxF nA9fbA
h9 5400000 1 KEWxF
h9 5500000 1 6c4oe
h9 5600000 0 BoQdGvIy W0hUf
h9 5700000 1 AwTgp
h9 5800000 0 HpHnr hyRm6a
h9 5900000 0 oiOdL2P 6Ibl7
h9 6000000 1 BoQdGvIy
h1 6100000 0 CC67j GtlvQO
h9 6200000 0 SBLpI3sO BSpM6Sxl
h1 6300000 0 eSnbQMao Qhrlrfe
h1 6400000 0 oiOdL2P ooge2Xxk
h1 6500000 1 CC67j
h1 6600000 0 6c4oe 0iaIsISZ
h9 6700000 1 AwTgp
h1 6800000 1 5cEzuuo
h9 6900000 0 HpHnr IQ13iB
h1 7000000 1 e9GAKFT
h1 7100000 0 5cEzuuo 3tbIew
h9 7200000 1 KEWxF
h9 7300000 0 roLH2ga hiqQs535
h9 7400000 0 MqBcQ ujSlP4TG
h9 7500000 1 MqBcQ
h1 7600000 1 HpHnr
h9 7700000 1 HpHnr
h9 7800000 0 l5iNop Y42uPh3n
h9 7900000 1 SBLpI3sO
h1 8000000 1 eEDI1mVo
h9 8100000 1 MqBcQ
h1 8200000 0 e9GAKFT o1IJLeCG
h1 8300000 0 roLH2ga zaMNxA5x
h9 8400000 0 AwTgp GuLu4tTt
h1 8500000 0 zpWBnLp dMMm2po
h9 8600000 0 Cf5hRWH4 pGM8WcF
h1 8700000 1 KEWxF
h9 8800000 1 J0T1xd3V
h1 8900000 0 BoQdGvIy 2BSPBq
h9 9000000 1 HpHnr
h9 9100000 0 eSnbQMao h0CTQkGD
h1 9200000 0 BoQdGvIy hMnMXob
h1 9300000 1 6c4oe
h1 9400000 1 zpWBnLp
h1 9500000 0 zpWBnLp m1epalf
h9 9600000 1 Cf5hRWH4
h9 9700000 0 pXD8F wGuzwI
h9 9800000 0 KEWxF PMXlIUli
h1 9900000 1 roLH2ga
h1 10000000 0 AwTgp AYlaFTe
h9 10100000 0 e9GAKFT K5FFZT
h9 10200000 1 pXD8F
h9 10300000 0 l5iNop jNoS6zw
h1 10400000 0 JS18pXg7 O5najaMd
h9 10500000 0 AwTgp Kdgp68SL
h1 10600000 0 ul7hiy Cl73Js
h9 10700000 0 Z6gytA YH1LUO
h9 10800000 1 e9GAKFT
h9 10900000 0 zpWBnLp d6WQYQ4
h1 11000000 1 eEDI1mVo
h9 11100000 1 5cEzuuo
h9 11200000 1 GgJ3Gz
h9 11300000 1 eSnbQMao
h1 11400000 1 l5iNop
h1 11500000 0 KwW5Dx rxVbSE
h9 11600000 0 zVIS6u VMddyh
h9 11700000 0 Z6gytA TkDhq
h1 11800000 1 AwTgp
h1 11900000 0 Fq4HNAB4 WyuRq85T
h1 12000000 0 N1nfE0AE leUYGbTZ
h9 12100000 1 Z6gytA
h1 12200000 1 eSnbQMao
h1 12300000 0 KqGrqjki aAcKAB
h1 12400000 1 l5iNop
h9 12500000 1 eSnbQMao
h1 12600000 1 7TSYM1g
h1 12700000 0 l5iNop 67jIeN
h9 12800000 0 hJqcqaag UVHo7rk
h1 12900000 1 hJqcqaag
h9 13000000 1 GgJ3Gz
h1 13100000 0 Gr2ew4i 5o0fHXb
h9 13200000 1 AwTgp
h1 13300000 1 HpHnr
h9 13400000 0 KqGrqjki aONg53kZ
h9 13500000 1 JS18pXg7
h1 13600000 1 oiOdL2P
h1 13700000 0 6c4oe ixiYR
h1 13800000 1 J0T1xd3V
h9 13900000 0 hJqcqaag 4DFgEvIC
h9 14000000 1 KwW5Dx
h9 14100000 0 pXD8F BO732
h9 14200000 1 oiOdL2P
h1 14300000 0 ul7hiy wzhR3PGl
h1 14400000 0 e9GAKFT fnSNeSZ
h9 14500000 0 jBOq3u hiHJXe
h9 14600000 0 BoQdGvIy 6HqeZZ4g
h9 14700000 0 6c4oe aE6LP
h9 14800000 1 Gr2ew4i
h9 14900000 0 AwTgp PtHN5O
h1 15000000 0 HYw9F A3F3q
h9 15100000 1 ul7hiy
h9 15200000 1 eSnbQMao
h1 15300000 0 KwW5Dx p2v3n9
h1 15400000 1 AwTgp
h9 15500000 1 eEDI1mVo
h1 15600000 1 AwTgp
h1 15700000 1 oiOdL2P
h9 15800000 1 AwTgp
h1 15900000 1 7TSYM1g
h9 16000000 0 AwTgp PDxOy
h9 16100000 0 NTbIQ 5EBROs
h1 16200000 1 Z6gytA
h1 16300000 1 l5iNop
h9 16400000 1 Cf5hRWH4
h1 16500000 0 l5iNop mq1Qn0U
h9 16600000 0 O5QPt49 Am6Am
h1 16700000 0 PkE72HJ3 fkxDf
h1 16800000 0 ul7hiy RMr8lAMv
h1 16900000 0 jBOq3u 6jh07K
h9 17000000 0 pXD8F oP82D
h9 17100000 0 J0T1xd3V LKxcsW
h9 17200000 1 MqBcQ
h1 17300000 1 eSnbQMao
h1 17400000 0 bwrr35 4xKMYGaL
h9 17500000 0 e9GAKFT XNCkhVTd
h1 17600000 0 SBLpI3sO 537Zu
h9 17700000 0 AKS603k M9hGkrMT
h9 17800000 0 Z6gytA aHThI9x
h9 17900000 0 bwrr35 dFTvQa7v
h1 18000000 0 6c4oe Zgp3fIXm
h9 18100000 0 QTVvseu oBybkn
h9 18200000 0 eSnbQMao tN2XV
h1 18300000 1 l5iNop
h1 18400000 1 QTVvseu
h9 18500000 1 GgJ3Gz
h9 18600000 0 X86Fn LnJkopQx
h1 18700000 0 KEWxF mXq0c
h9 18800000 0 Gr2ew4i QkMPhRT2
h1 18900000 0 lD0LWLjI OObuH
h9 19000000 1 jBOq3u
h1 19100000 1 KqGrqjki
h9 19200000 1 AKS603k
h9 19300000 0 zpWBnLp GqbbLeaV
h9 19400000 1 eSnbQMao
h1 19500000 0 hJqcqaag ZNgVZqGJ
h9 19600000 0 oiOdL2P jZrXyZ
h9 19700000 0 AwTgp HFSl9X
h1 19800000 0 fYdN2FK3 pkMnh
h1 19900000 0 Q5KRo eBS2YtA
h1 20000000 1 NTbIQ
h9 20100000 0 AwTgp 3P2F7
h1 20200000 1 BoQdGvIy
h9 20300000 1 GgJ3Gz
h1 20400000 0 5cEzuuo xFYkN16
h9 20500000 0 SmWfqN2 IhTz96P
h1 20600000 1 hJqcqaag
h9 20700000 0 Z6gytA ebzFfj
h9 20800000 0 xjkKLK yVZKq
h1 20900000 0 pXMHsC rUcvM
h1 21000000 1 KwW5Dx
h9 21100000 0 Vb4TF vqpIw5P
h1 21200000 1 xjkKLK
h1 21300000 1 AKS603k
h9 21400000 0 2YNTvPz UcJ2ZgU6
h9 21500000 0 21xBTj ONnR3zE
h9 21600000 1 Gr2ew4i
h1 21700000 0 1uUeDbAZ sPvwF4ZO
h1 21800000 1 roLH2ga
h1 21900000 0 MqBcQ tLuxv71
h1 22000000 0 Gr2ew4i ZO4NCn
h9 22100000 0 AKS603k RvXZYhS
h9 22200000 1 BoQdGvIy
h1 22300000 1 bwrr35
h9 22400000 0 oMwWn FUXwhC4
h9 22500000 1 HpHnr
h9 22600000 1 xjkKLK
h1 22700000 1 7TSYM1g
h1 22800000 1 KEWxF
h9 22900000 0 zU2d1TL v7uddnmJ
h9 23000000 1 N1nfE0AE
h1 23100000 0 Z6gytA DbsuyLcp
h9 23200000 0 TQXqZ3VT SCByZi
h1 23300000 0 7akLY RBikq
h1 23400000 0 X86Fn Fw6XIyy
h1 23500000 0 zpWBnLp b6tEbfA
h9 23600000 1 2YNTvPz
h9 23700000 1 6c4oe
h1 23800000 0 CC67j ZkQTXWKX
h9 23900000 1 lD0LWLjI
h9 24000000 1 pXMHsC
h1 24100000 0 jgONG0ja i8Qrny
h9 24200000 0 KEWxF 36MgmUM
h9 24300000 0 YedBsn4 ULx7MF
h9 24400000 0 X86Fn SZgudIQ
h1 24500000 0 2YNTvPz 1bJrMVw
h9 24600000 1 Gr2ew4i
h9 24700000 0 Fq4HNAB4 IaXxW8Sh
h1 24800000 0 TQXqZ3VT Dw5hSpP
h1 24900000 1 YedBsn4
h1 25000000 0 3coFD TZxIYcV
h9 25100000 1 fYdN2FK3
h1 25200000 0 cmlBa8U Pay1JW49
h9 25300000 0 roLH2ga EBAqSS
h9 25400000 1 HYw9F
h9 25500000 0 wr8Bt zXcTm
h1 25600000 1 oiOdL2P
h9 25700000 1 wr8Bt
h9 25800000 1 hJqcqaag
h9 25900000 1 SBLpI3sO
h9 26000000 0 vZ2nvm 7FkrKGHw
h1 26100000 1 oiOdL2P
h9 26200000 0 3coFD pU7Gd
h9 26300000 0 21xBTj pt8Dxah
h9 26400000 1 Q5KRo
h1 26500000 0 5HfhD9 UQjFj
h9 26600000 0 lbOc78 BzVPu7M
h1 26700000 1 bwrr35
h1 26800000 1 YedBsn4
h9 26900000 0 6lFdK4 aLPb1
h1 27000000 1 bwrr35
h1 27100000 1 7akLY
h9 27200000 1 vZ2nvm
h9 27300000 1 O5QPt49
h1 27400000 1 HYw9F
h9 27500000 0 yLqHGsF C1JgD
h1 27600000 0 KwW5Dx 1UBem
h9 27700000 0 MfHMxu MQ64pUs
h1 27800000 0 AwTgp r53HmAUK
h1 27900000 0 Bb0Hd cutdd
h9 28000000 1 3coFD
h1 28100000 1 HpHnr
h1 28200000 0 S6woS4 ey4olpX
h9 28300000 0 LAmgchd zSNSBM
h9 28400000 0 7akLY A3REbV
h9 28500000 0 u7t5Z l47Ndh
h9 28600000 1 YedBsn4
h1 28700000 0 KQLDOUS6 5o1rtSZ
h1 28800000 0 aD6g2 RkaqIIR
h1 28900000 1 KQLDOUS6
h1 29000000 0 roLH2ga FTS8E
h1 29100000 1 J0T1xd3V
h9 29200000 1 SBLpI3sO
h9 29300000 1 HpHnr
h1 29400000 0 e9GAKFT 7XjKf
h9 29500000 1 BoQdGvIy
h9 29600000 1 oMwWn
h9 29700000 1 HpHnr
h9 29800000 0 pXMHsC rzx3xAp
h1 29900000 0 BoQdGvIy 83F6J7L
h1 30000000 1 oMwWn
h9 30100000 0 u7t5Z w5GAyAWX
h9 30200000 1 Q5KRo
h9 30300000 1 SBLpI3sO
h9 30400000 1 Z6gytA
h9 30500000 1 N1nfE0AE
h1 30600000 0 PkE72HJ3 qiEBPsO
h9 30700000 1 JS18pXg7
h9 30800000 1 xjkKLK
h1 30900000 1 KwW5Dx
h9 31000000 1 HYw9F
h1 31100000 0 mCKcM vC1cwmp
h9 31200000 0 zErnO 4iCLtN
h1 31300000 1 NTbIQ
h9 31400000 1 Vb4TF
h9 31500000 0 664GG KKSuAbU
h9 31600000 0 tnd81XT ddS1o
h1 31700000 0 PQOualoB rmTBSZVK
h9 31800000 0 pn9JZAPq PT5NXLl
h1 31900000 1 HpHnr
h9 32000000 1 X86Fn
h1 32100000 0 9Ed1LL vXFv8L
h1 32200000 1 KQLDOUS6
h9 32300000 0 Cf5hRWH4 EY9C1Mq
h9 32400000 0 hSBMg KAyJJ1
h9 32500000 0 uAnoVE cQQO6J08
h9 32600000 1 oiOdL2P
h9 32700000 1 N1nfE0AE
h1 32800000 0 v5mzT8G OkjaShi
h9 32900000 0 MqBcQ UswTvhj
h9 33000000 1 MqBcQ
h1 33100000 1 zpWBnLp
h9 33200000 0 zU2d1TL 8AjTde
h1 33300000 0 dNyfw8k eKLhy
h1 33400000 0 oiOdL2P 1iQ4SJd
h1 33500000 0 yd5uKOtP rZguvU
h9 33600000 1 hSBMg
h9 33700000 1 v5mzT8G
h9 33800000 0 GcSRgvg 4ugzElf
h9 33900000 1 BoQdGvIy
h9 34000000 0 zbkJuC GKMhMB
h9 34100000 1 u7t5Z
h1 34200000 0 KQLDOUS6 CZnxV
h1 34300000 0 pn9JZAPq G3FCq
h9 34400000 0 RGqf6k DAYwO
h1 34500000 0 TQXqZ3VT JzvisTDB
h9 34600000 1 uAnoVE
h1 34700000 1 Vb4TF
h9 34800000 0 oP0VW5e Tnk2ftR
h1 34900000 0 uAnoVE rvXwd
h1 35000000 1 1uUeDbAZ
h9 35100000 1 tnd81XT
h1 35200000 0 cmlBa8U MWnDCBBA
h1 35300000 0 cmlBa8U zQ6Ju5cV
h9 35400000 0 KqGrqjki s8Tt02bZ
h1 35500000 0 jgONG0ja 2xlFmZD
h1 35600000 0 roLH2ga 7YVUrLTD
h9 35700000 0 CGjBZvR plWA3
h1 35800000 1 oiOdL2P
h1 35900000 0 kP9GEjV ORQuISHM
h1 36000000 1 Gr2ew4i
h9 36100000 1 lbOc78
h1 36200000 1 eSnbQMao
h1 36300000 1 zpWBnLp
h9 36400000 1 uAnoVE
h9 36500000 1 eEDI1mVo
h9 36600000 1 3coFD
h9 36700000 1 wr8Bt
h9 36800000 1 1uUeDbAZ
h9 36900000 0 7pKvc4 g2nQEH
h9 37000000 0 aEY9WL Xe7Jy
h9 37100000 0 zpWBnLp dSpvM
h1 37200000 0 3c830549 4vjdpk5
h9 37300000 1 7TSYM1g
h9 37400000 0 zErnO LWgRQA8
h9 37500000 0 p3juTtLH aup20PuE
h9 37600000 0 Cnsy1RZn qjsUgCX
h1 37700000 0 gGRHK 55uQsGs
h1 37800000 1 pn9JZAPq
h1 37900000 0 mebAZyZ apvLb9I
h1 38000000 1 zErnO
h9 38100000 1 KEWxF
h1 38200000 0 Y14odpE0 HZw9p
h9 38300000 0 ROYN7 a99yYG
h9 38400000 1 GgJ3Gz
h9 38500000 0 qWS0aTm4 APbBh
h9 38600000 0 oP0VW5e 2UDaB
h1 38700000 0 BKLbBfp bceIr
h9 38800000 0 ts00eVt wdCF32o
h9 38900000 0 ZqUe5 r3b8u
h1 39000000 0 2iM8Jo5H QTQu7
h9 39100000 1 mCKcM
h1 39200000 0 vZ2nvm c5Z3yS4B
h1 39300000 1 Y14odpE0
h9 39400000 1 gGRHK
h1 39500000 0 2uVE4sFn D6OJRImY
h1 39600000 0 y2V3c xmpmkRY
h1 39700000 1 KQLDOUS6
h9 39800000 0 v7Cze VyqjUw
h1 39900000 1 oMwWn
h9 40000000 1 7akLY
h1 40100000 0 hICyCE c4adVJ
h1 40200000 1 7akLY
h1 40300000 0 LAmgchd 7ZJoUZj
h1 40400000 0 GgJ3Gz BxjJMe
h1 40500000 1 Fq4HNAB4
h1 40600000 1 mCKcM
h1 40700000 0 HpHnr 6G3blp6a
h1 40800000 0 Q5KRo vopox90c
h1 40900000 1 hJqcqaag
h9 41000000 0 lD0LWLjI RDKzQAG
h1 41100000 1 7akLY
h1 41200000 1 Cf5hRWH4
h9 41300000 1 yd5uKOtP
h9 41400000 1 zpWBnLp
h1 41500000 0 CGjBZvR zewx5B
h1 41600000 0 Kd2klC Qo8SpG
h1 41700000 1 5HfhD9
h9 41800000 1 N1nfE0AE
h9 41900000 0 kP9GEjV m1SAeg7
h1 42000000 0 EligRo MwzWo8n
h1 42100000 1 Y14odpE0
h1 42200000 0 wn1Py TGUjVVRV
h1 42300000 0 mCKcM IQmYXLNp
h9 42400000 0 SCLT5 qbDu7
h9 42500000 1 uAnoVE
h1 42600000 0 u7t5Z b6Xu2
h9 42700000 1 uAnoVE
h9 42800000 1 N1nfE0AE
h1 42900000 1 KqGrqjki
h1 43000000 1 5HfhD9
h1 43100000 1 21xBTj
h9 43200000 1 yLqHGsF
h9 43300000 0 S0fG0 E3CHVp
h9 43400000 0 wlT1KI TcusP
h9 43500000 0 hDXDudB 20m02TQw
h9 43600000 0 mebAZyZ 60fSbb
h9 43700000 0 yLqHGsF qxwgV
h9 43800000 0 UY1lV 7FNMV9cl
h9 43900000 0 gbOOsV mAk7wA9B
h1 44000000 0 dZ17N 74T0W
h1 44100000 0 AYXGd NTXzhEmy
h9 44200000 1 roLH2ga
h9 44300000 0 xPLMiA 7cyaXc9
h9 44400000 1 Kd2klC
h1 44500000 0 BRarf 2yuifABS
h1 44600000 1 wn1Py
h9 44700000 0 1uUeDbAZ kAukdeEA
h1 44800000 1 aEY9WL
h9 44900000 0 O5QPt49 zI6kJ3F
h1 45000000 1 YedBsn4
h1 45100000 0 9Ed1LL O8C20
h1 45200000 0 LAmgchd hxJ3sI6
h9 45300000 0 dZ17N 6w2VuQ
h9 45400000 0 Rklr16vH cGzh2Zz
h1 45500000 1 wlT1KI
h1 45600000 1 hSBMg
h9 45700000 0 idBvzccK 3hOxVL0X
h9 45800000 1 gGRHK
h9 45900000 0 K2F7w6 lQW1gcX
h1 46000000 1 oP0VW5e
h1 46100000 0 ZMSdov Q9ffekn
h1 46200000 0 573kjPQ RPwzNH
h1 46300000 1 Rklr16vH
h9 46400000 1 JS18pXg7
h1 46500000 1 7pKvc4
h1 46600000 1 oMwWn
h1 46700000 1 zU2d1TL
h1 46800000 0 4raQJXL dx7TS2X
h9 46900000 0 186f46 gMwEd
h1 47000000 0 xPLMiA IW99ESA
h9 47100000 1 v7Cze
h1 47200000 1 BKLbBfp
h1 47300000 0 KwW5Dx tMOgghO
h1 47400000 1 BKLbBfp
h1 47500000 1 RGqf6k
h9 47600000 1 Gr2ew4i
h1 47700000 1 QTVvseu
h1 47800000 0 GgJ3Gz mIyra
h9 47900000 0 anYQPwSL VemlzEva
h1 48000000 1 SBLpI3sO
h9 48100000 1 1uUeDbAZ
h1 48200000 0 MzklN5FZ Ewwxm7
h9 48300000 0 zU2d1TL 2ss3t
h1 48400000 1 S0fG0
h9 48500000 1 Rklr16vH
h9 48600000 1 v7Cze
h9 48700000 0 7akLY 9u8Et5
h1 48800000 1 5HfhD9
h1 48900000 1 MfHMxu
h9 49000000 1 Vb4TF
h1 49100000 0 9fi7U esGcn
h9 49200000 0 u7t5Z ZVCqGma
h1 49300000 1 zErnO
h9 49400000 1 oiOdL2P
h1 49500000 1 MfHMxu
h1 49600000 0 qU99K uNi3qtU
h9 49700000 0 Yk8IPytH tndKZPSl
h9 49800000 0 664GG JkeH9
h9 49900000 0 v5mzT8G zcac9
h1 50000000 1 EligRo
h9 50100000 0 Cnsy1RZn 5ziBJh
h1 50200000 0 DS5kkTw7 JPmIcT
h1 50300000 0 GywTVhl6 3OibzZu
h9 50400000 0 wn1Py CDzY6d2
h9 50500000 0 kEEeBI mGPqm
h1 50600000 0 VvGuCuM U21fzL98
h9 50700000 0 JLsqxi vxdCZF
h1 50800000 1 pXMHsC
h1 50900000 0 D2Zisxy S2YYiC
h1 51000000 0 vzvBDu Vv5qGq
h9 51100000 0 573kjPQ 1NlEc
h1 51200000 0 DS5kkTw7 NMG0USPP
h1 51300000 0 Bb0Hd JIa0Nl
h1 51400000 0 NTbIQ 7ykWL6
h9 51500000 0 21xBTj pNc7WdkU
h1 51600000 1 kEEeBI
h9 51700000 1 yLqHGsF
h9 51800000 1 lD0LWLjI
h9 51900000 1 GcSRgvg
h9 52000000 0 ts00eVt AOvbyp
h9 52100000 0 FwNPWf5 Iu4UT
h1 52200000 1 SmWfqN2
h9 52300000 0 wlT1KI MBHiSOj
h1 52400000 0 SOyQiY YdtC8Pdg
h9 52500000 0 RGqf6k FHtio
h9 52600000 0 5BcjeiQ lwNmXE5c
h1 52700000 1 vzvBDu
h1 52800000 0 NLf9vf Y5IUV
h1 52900000 0 GgJ3Gz CFgL2fR
h1 53000000 1 yLqHGsF
h1 53100000 0 PrDh3Y eNFSM
h1 53200000 0 xNWDPqf ZBLJwnFi
h1 53300000 0 GgJ3Gz 974Nwb
h1 53400000 1 idBvzccK
h9 53500000 1 oP0VW5e
h9 53600000 0 JLsqxi L9h2Yt
h1 53700000 1 l5iNop
h1 53800000 1 bwrr35
h9 53900000 1 1uUeDbAZ
h1 54000000 0 wa6NKwkj mHx1O
h9 54100000 1 dNyfw8k
h1 54200000 1 wn1Py
h1 54300000 0 v7Cze 05MwR
h1 54400000 0 v5mzT8G FetyN
h1 54500000 1 PrDh3Y
h9 54600000 0 v0fEMVn bConYW
h1 54700000 1 7pKvc4
h1 54800000 0 ROYN7 OLLyJke
h1 54900000 1 HYw9F
h1 55000000 0 lIdxoPF E97BT
h1 55100000 0 1uUeDbAZ pOnDi3k
h1 55200000 1 3c830549
h1 55300000 1 pn9JZAPq
h1 55400000 0 LAmgchd nGG2rV
h9 55500000 0 4qBpbUPE JAsh4RRm
h9 55600000 0 tKehIDCk Vh6FDZ
h1 55700000 1 EligRo
h9 55800000 0 c5iLG2 dQsOfLcX
h9 55900000 1 MfHMxu
h1 56000000 0 mCKcM Yo0TNNth
h1 56100000 0 SmWfqN2 703aD
h1 56200000 0 JOKv7Kyt vlSnR9Q6
h9 56300000 1 KqGrqjki
h1 56400000 1 573kjPQ
h1 56500000 0 FwNPWf5 YpSDl
h9 56600000 0 pXMHsC Ksn5gl7W
h9 56700000 1 7akLY
h1 56800000 1 zErnO
h1 56900000 1 uAnoVE
h9 57000000 0 flw9MKJn HpDlZ
h9 57100000 0 gbOOsV fz2mk
h1 57200000 1 dNyfw8k
h9 57300000 0 NGxwq adMvUy
h1 57400000 1 lD0LWLjI
h9 57500000 0 AYXGd X03b1dk
h1 57600000 1 gbOOsV
h1 57700000 1 roLH2ga
h1 57800000 0 kP9GEjV RpPgNMN
h9 57900000 1 jBOq3u
h9 58000000 1 21xBTj
h1 58100000 1 dZ17N
h9 58200000 0 Uh4y34 tOcMBv
h1 58300000 1 2iM8Jo5H
h1 58400000 1 Rklr16vH
h1 58500000 1 573kjPQ
h1 58600000 1 e9GAKFT
h1 58700000 0 186f46 iFKPw
h9 58800000 0 ROYN7 UVKFa
h1 58900000 0 Vb4TF Ex9TJG6
h1 59000000 1 SOyQiY
h9 59100000 0 pXD8F XtcQSV
h9 59200000 1 wn1Py
h9 59300000 0 BKLbBfp BbPnj8Oy
h1 59400000 1 wa6NKwkj
h9 59500000 0 lFhGGt H7Jc2a
h1 59600000 1 flw9MKJn
h9 59700000 1 tnd81XT
h1 59800000 1 yd5uKOtP
h9 59900000 0 AYXGd JqZwx
